<?xml version="1.0" encoding="UTF-8"?>
<testng-results ignored="0" total="2" passed="2" failed="0" skipped="0">
  <reporter-output>
  </reporter-output>
  <suite started-at="2020-01-27T20:19:33 EET" name="Command line suite" finished-at="2020-01-27T20:20:08 EET" duration-ms="35552">
    <groups>
    </groups>
    <test started-at="2020-01-27T20:19:33 EET" name="Command line test" finished-at="2020-01-27T20:20:08 EET" duration-ms="35552">
      <class name="my.prestashop.tests.SecondTest">
        <test-method signature="checkSearch()[pri:0, instance:my.prestashop.tests.SecondTest@40db2a24]" started-at="2020-01-27T20:20:03 EET" name="checkSearch" finished-at="2020-01-27T20:20:08 EET" duration-ms="5274" status="PASS">
          <reporter-output>
          </reporter-output>
        </test-method> <!-- checkSearch -->
      </class> <!-- my.prestashop.tests.SecondTest -->
      <class name="my.prestashop.tests.FirstTest">
        <test-method signature="checkPriceCurrency()[pri:0, instance:my.prestashop.tests.FirstTest@1f010bf0]" started-at="2020-01-27T20:19:33 EET" name="checkPriceCurrency" finished-at="2020-01-27T20:20:03 EET" duration-ms="30200" status="PASS">
          <reporter-output>
          </reporter-output>
        </test-method> <!-- checkPriceCurrency -->
      </class> <!-- my.prestashop.tests.FirstTest -->
    </test> <!-- Command line test -->
  </suite> <!-- Command line suite -->
</testng-results>
